<?xml version="1.0" encoding="UTF-8"?>
<!-- Generated by org.testng.reporters.JUnitReportReporter -->
<testsuite hostname="CRAJAN-BNG-DES" name="Googlesearch" tests="1" failures="0" timestamp="31 Aug 2017 13:28:00 GMT" time="11.281" errors="0">
  <testcase name="googledemo" time="11.281" classname="Googlesearch"/>
</testsuite> <!-- Googlesearch -->
